<!DOCTYPE html PUBLIC "-//W3C//DTD XHTML 1.1//EN" "http://www.w3.org/TR/xhtml11/DTD/xhtml11.dtd">
<html xmlns="http://www.w3.org/1999/xhtml">
<head>
<meta http-equiv="content-type" content="text/html; charset=UTF-8"/>
<title>TestNG Report</title>
<style type="text/css">table {margin-bottom:10px;border-collapse:collapse;empty-cells:show}th,td {border:1px solid #009;padding:.25em .5em}th {vertical-align:bottom}td {vertical-align:top}table a {font-weight:bold}.stripe td {background-color: #E6EBF9}.num {text-align:right}.passedodd td {background-color: #3F3}.passedeven td {background-color: #0A0}.skippedodd td {background-color: #DDD}.skippedeven td {background-color: #CCC}.failedodd td,.attn {background-color: #F33}.failedeven td,.stripe .attn {background-color: #D00}.stacktrace {white-space:pre;font-family:monospace}.totop {font-size:85%;text-align:center;border-bottom:2px solid #000}.invisible {display:none}</style>
</head>
<body>
<table>
<tr><th>Test</th><th># Passed</th><th># Skipped</th><th># Retried</th><th># Failed</th><th>Time (ms)</th><th>Included Groups</th><th>Excluded Groups</th></tr>
<tr><th colspan="8">All Test</th></tr>
<tr><td><a href="#t0">Regression</a></td><td class="num">20</td><td class="num">0</td><td class="num">0</td><td class="num attn">16</td><td class="num">2,261</td><td></td><td></td></tr>
</table>
<table id='summary'><thead><tr><th>Class</th><th>Method</th><th>Start</th><th>Time (ms)</th></tr></thead><tbody><tr><th colspan="4">All Test</th></tr></tbody><tbody id="t0"><tr><th colspan="4">Regression &#8212; failed</th></tr><tr class="failedeven"><td rowspan="16">TestRunner</td><td><a href="#m0">runScenario</a></td><td rowspan="16">1666498604028</td><td rowspan="16">36</td></tr><tr class="failedeven"><td><a href="#m1">runScenario</a></td></tr><tr class="failedeven"><td><a href="#m2">runScenario</a></td></tr><tr class="failedeven"><td><a href="#m3">runScenario</a></td></tr><tr class="failedeven"><td><a href="#m4">runScenario</a></td></tr><tr class="failedeven"><td><a href="#m5">runScenario</a></td></tr><tr class="failedeven"><td><a href="#m6">runScenario</a></td></tr><tr class="failedeven"><td><a href="#m7">runScenario</a></td></tr><tr class="failedeven"><td><a href="#m8">runScenario</a></td></tr><tr class="failedeven"><td><a href="#m9">runScenario</a></td></tr><tr class="failedeven"><td><a href="#m10">runScenario</a></td></tr><tr class="failedeven"><td><a href="#m11">runScenario</a></td></tr><tr class="failedeven"><td><a href="#m12">runScenario</a></td></tr><tr class="failedeven"><td><a href="#m13">runScenario</a></td></tr><tr class="failedeven"><td><a href="#m14">runScenario</a></td></tr><tr class="failedeven"><td><a href="#m15">runScenario</a></td></tr><tr><th colspan="4">Regression &#8212; passed</th></tr><tr class="passedeven"><td rowspan="20">TestRunner</td><td><a href="#m16">runScenario</a></td><td rowspan="20">1666498604377</td><td rowspan="20">17</td></tr><tr class="passedeven"><td><a href="#m17">runScenario</a></td></tr><tr class="passedeven"><td><a href="#m18">runScenario</a></td></tr><tr class="passedeven"><td><a href="#m19">runScenario</a></td></tr><tr class="passedeven"><td><a href="#m20">runScenario</a></td></tr><tr class="passedeven"><td><a href="#m21">runScenario</a></td></tr><tr class="passedeven"><td><a href="#m22">runScenario</a></td></tr><tr class="passedeven"><td><a href="#m23">runScenario</a></td></tr><tr class="passedeven"><td><a href="#m24">runScenario</a></td></tr><tr class="passedeven"><td><a href="#m25">runScenario</a></td></tr><tr class="passedeven"><td><a href="#m26">runScenario</a></td></tr><tr class="passedeven"><td><a href="#m27">runScenario</a></td></tr><tr class="passedeven"><td><a href="#m28">runScenario</a></td></tr><tr class="passedeven"><td><a href="#m29">runScenario</a></td></tr><tr class="passedeven"><td><a href="#m30">runScenario</a></td></tr><tr class="passedeven"><td><a href="#m31">runScenario</a></td></tr><tr class="passedeven"><td><a href="#m32">runScenario</a></td></tr><tr class="passedeven"><td><a href="#m33">runScenario</a></td></tr><tr class="passedeven"><td><a href="#m34">runScenario</a></td></tr><tr class="passedeven"><td><a href="#m35">runScenario</a></td></tr></tbody>
</table>
<h2>Regression</h2><h3 id="m0">TestRunner#runScenario</h3><table class="result"><tr class="param"><th>Parameter #1</th><th>Parameter #2</th></tr><tr class="param stripe"><td>&quot;Verify the name with 101 characters will be rejected by the hero creation api&quot;</td><td>&quot;Optional[Verify the name with 101 characters will be rejected by the hero creation api]&quot;</td></tr><tr><th colspan="2">Exception</th></tr><tr><td colspan="2"><div class="stacktrace">java.lang.AssertionError: The following asserts failed:
	response http code is not 400 expected [400] but found [200],
	Error Message is wrong. expected [Invalid name] but found [null]
	at stepdefs.Testcases.checkHeroCreationHttpResponseWithInvalidNameErrorMessage(Testcases.java:188)
	at ✽.Check hero creation http response with Invalid name error message(file:///Users/nico/Desktop/github/oppenheimer-api-test/src/test/resources/features/testcase06.feature:6)
... Removed 2 stack frames</div></td></tr></table><p class="totop"><a href="#summary">back to summary</a></p>
<h3 id="m1">TestRunner#runScenario</h3><table class="result"><tr class="param"><th>Parameter #1</th><th>Parameter #2</th></tr><tr class="param stripe"><td>&quot;Verify the blank name will be rejected by the hero creation api&quot;</td><td>&quot;Optional[Verify the blank name will be rejected by the hero creation api]&quot;</td></tr><tr><th colspan="2">Exception</th></tr><tr><td colspan="2"><div class="stacktrace">java.lang.AssertionError: The following asserts failed:
	Error Message is wrong. expected [Invalid name,Name cannot be blank] but found [Name cannot be blank,Invalid name]
	at stepdefs.Testcases.checkHeroCreationHttpResponseWithBlankNameErrorMessage(Testcases.java:170)
	at ✽.Check hero creation http response with &quot;Invalid name,Name cannot be blank&quot;(file:///Users/nico/Desktop/github/oppenheimer-api-test/src/test/resources/features/testcase05.feature:6)
... Removed 2 stack frames</div></td></tr></table><p class="totop"><a href="#summary">back to summary</a></p>
<h3 id="m2">TestRunner#runScenario</h3><table class="result"><tr class="param"><th>Parameter #1</th><th>Parameter #2</th></tr><tr class="param stripe"><td>&quot;Verify the blank name will be rejected by the hero creation api&quot;</td><td>&quot;Optional[Verify the blank name will be rejected by the hero creation api]&quot;</td></tr><tr><th colspan="2">Exception</th></tr><tr><td colspan="2"><div class="stacktrace">java.lang.AssertionError: The following asserts failed:
	Error Message is wrong. expected [Invalid name,Name cannot be blank] but found [Name cannot be blank,Invalid name]
	at stepdefs.Testcases.checkHeroCreationHttpResponseWithBlankNameErrorMessage(Testcases.java:170)
	at ✽.Check hero creation http response with &quot;Invalid name,Name cannot be blank&quot;(file:///Users/nico/Desktop/github/oppenheimer-api-test/src/test/resources/features/testcase05.feature:6)
... Removed 2 stack frames</div></td></tr></table><p class="totop"><a href="#summary">back to summary</a></p>
<h3 id="m3">TestRunner#runScenario</h3><table class="result"><tr class="param"><th>Parameter #1</th><th>Parameter #2</th></tr><tr class="param stripe"><td>&quot;Verify the wrong format salary will be rejected by the hero creation api&quot;</td><td>&quot;Optional[Verify the wrong format salary will be rejected by the hero creation api]&quot;</td></tr><tr><th colspan="2">Exception</th></tr><tr><td colspan="2"><div class="stacktrace">java.lang.NullPointerException
	at stepdefs.Testcases.checkHeroCreationHttpResponseWithInvalidFormatSalaryErrorMessage(Testcases.java:312)
	at ✽.Check hero creation http response with invalid format salary error message(file:///Users/nico/Desktop/github/oppenheimer-api-test/src/test/resources/features/testcase15.feature:6)
</div></td></tr></table><p class="totop"><a href="#summary">back to summary</a></p>
<h3 id="m4">TestRunner#runScenario</h3><table class="result"><tr class="param"><th>Parameter #1</th><th>Parameter #2</th></tr><tr class="param stripe"><td>&quot;Verify the salary with long decimal digits will be rejected by the hero creation api&quot;</td><td>&quot;Optional[Verify the salary with long decimal digits will be rejected by the hero creation api]&quot;</td></tr><tr><th colspan="2">Exception</th></tr><tr><td colspan="2"><div class="stacktrace">java.lang.AssertionError: The following asserts failed:
	response http code is not 400 expected [400] but found [200],
	Error Message is wrong. expected [Invalid salary precision] but found [null]
	at stepdefs.Testcases.checkHeroCreationHttpResponseWithInvalidSalaryErrorMessage(Testcases.java:368)
	at ✽.Check hero creation http response with invalid salary error message(file:///Users/nico/Desktop/github/oppenheimer-api-test/src/test/resources/features/testcase18.feature:6)
... Removed 2 stack frames</div></td></tr></table><p class="totop"><a href="#summary">back to summary</a></p>
<h3 id="m5">TestRunner#runScenario</h3><table class="result"><tr class="param"><th>Parameter #1</th><th>Parameter #2</th></tr><tr class="param stripe"><td>&quot;Verify wrong format browniePoints will be rejected by the hero creation api&quot;</td><td>&quot;Optional[Verify wrong format browniePoints will be rejected by the hero creation api]&quot;</td></tr><tr><th colspan="2">Exception</th></tr><tr><td colspan="2"><div class="stacktrace">java.lang.NullPointerException
	at stepdefs.Testcases.checkHeroCreationHttpResponseWithWrongFormatBrowniePointsMessage(Testcases.java:463)
	at ✽.Check hero creation http response with wrong format browniePoints message(file:///Users/nico/Desktop/github/oppenheimer-api-test/src/test/resources/features/testcase24.feature:6)
</div></td></tr></table><p class="totop"><a href="#summary">back to summary</a></p>
<h3 id="m6">TestRunner#runScenario</h3><table class="result"><tr class="param"><th>Parameter #1</th><th>Parameter #2</th></tr><tr class="param stripe"><td>&quot;Verify the birthdate is a future date will be rejected by the hero creation api&quot;</td><td>&quot;Optional[Verify the birthdate is a future date will be rejected by the hero creation api]&quot;</td></tr><tr><th colspan="2">Exception</th></tr><tr><td colspan="2"><div class="stacktrace">java.lang.AssertionError: The following asserts failed:
	Error Message is wrong. expected [Invalid birthdate format] but found [There are some issues with working class hero]
	at stepdefs.Testcases.checkHeroCreationHttpResponseWithInvalidBirthdateErrorMessage(Testcases.java:257)
	at ✽.Check hero creation http response with invalid birthdate error message(file:///Users/nico/Desktop/github/oppenheimer-api-test/src/test/resources/features/testcase11.feature:6)
... Removed 2 stack frames</div></td></tr></table><p class="totop"><a href="#summary">back to summary</a></p>
<h3 id="m7">TestRunner#runScenario</h3><table class="result"><tr class="param"><th>Parameter #1</th><th>Parameter #2</th></tr><tr class="param stripe"><td>&quot;Verify the blank gender input will be rejected by the hero creation api&quot;</td><td>&quot;Optional[Verify the gender input not in &quot;MALE&quot; or &quot;FEMALE&quot;]&quot;</td></tr><tr><th colspan="2">Exception</th></tr><tr><td colspan="2"><div class="stacktrace">java.lang.AssertionError: The following asserts failed:
	Error Message is wrong. expected [Invalid gender,Gender cannot be blank] but found [Gender cannot be blank,Invalid gender]
	at stepdefs.Testcases.checkHeroCreationHttpResponseWithBlankGenderErrorMessage2(Testcases.java:232)
	at ✽.Check hero creation http response with blank gender error message(file:///Users/nico/Desktop/github/oppenheimer-api-test/src/test/resources/features/testcase08.feature:14)
... Removed 2 stack frames</div></td></tr></table><p class="totop"><a href="#summary">back to summary</a></p>
<h3 id="m8">TestRunner#runScenario</h3><table class="result"><tr class="param"><th>Parameter #1</th><th>Parameter #2</th></tr><tr class="param stripe"><td>&quot;Verify the deathDate with a future date will be rejected by the hero creation api&quot;</td><td>&quot;Optional[Verify the deathDate with a future date will be rejected by the hero creation api]&quot;</td></tr><tr><th colspan="2">Exception</th></tr><tr><td colspan="2"><div class="stacktrace">java.lang.AssertionError: The following asserts failed:
	Error Message is wrong. expected [Invalid death date format] but found [There are some issues with working class hero]
	at stepdefs.Testcases.checkHeroCreationHttpResponseWithInvalidDeathDateErrorMessage(Testcases.java:282)
	at ✽.Check hero creation http response with invalid deathDate error message(file:///Users/nico/Desktop/github/oppenheimer-api-test/src/test/resources/features/testcase14.feature:6)
... Removed 2 stack frames</div></td></tr></table><p class="totop"><a href="#summary">back to summary</a></p>
<h3 id="m9">TestRunner#runScenario</h3><table class="result"><tr class="param"><th>Parameter #1</th><th>Parameter #2</th></tr><tr class="param stripe"><td>&quot;Verify the deathDate with time will be accepted by the hero creation api&quot;</td><td>&quot;Optional[Verify the deathDate with time will be accepted by the hero creation api]&quot;</td></tr><tr><th colspan="2">Exception</th></tr><tr><td colspan="2"><div class="stacktrace">java.lang.AssertionError: The following asserts failed:
	response http code is not 200 expected [200] but found [400]
	at stepdefs.Testcases.checkTheCorrectHeroDataHttpResponse(Testcases.java:49)
	at ✽.Check the correct hero data http response(file:///Users/nico/Desktop/github/oppenheimer-api-test/src/test/resources/features/testcase13.feature:6)
... Removed 2 stack frames</div></td></tr></table><p class="totop"><a href="#summary">back to summary</a></p>
<h3 id="m10">TestRunner#runScenario</h3><table class="result"><tr class="param"><th>Parameter #1</th><th>Parameter #2</th></tr><tr class="param stripe"><td>&quot;Verify the blank taxPaid will be rejected by the hero creation api&quot;</td><td>&quot;Optional[Verify the blank taxPaid will be rejected by the hero creation api]&quot;</td></tr><tr><th colspan="2">Exception</th></tr><tr><td colspan="2"><div class="stacktrace">java.lang.AssertionError: The following asserts failed:
	response http code is not 400 expected [400] but found [200],
	Error Message is wrong. expected [TaxPaid cannot be blank] but found [null]
	at stepdefs.Testcases.checkHeroCreationHttpResponseWithBlankTaxPaidErrorMessage(Testcases.java:404)
	at ✽.Check hero creation http response with blank taxPaid error message(file:///Users/nico/Desktop/github/oppenheimer-api-test/src/test/resources/features/testcase20.feature:6)
... Removed 2 stack frames</div></td></tr></table><p class="totop"><a href="#summary">back to summary</a></p>
<h3 id="m11">TestRunner#runScenario</h3><table class="result"><tr class="param"><th>Parameter #1</th><th>Parameter #2</th></tr><tr class="param stripe"><td>&quot;natid&apos;s number is greater than 9999999&quot;</td><td>&quot;Optional[Verify the natid out of valid range will get creation error and won&apos;t create a new single workingclass hero]&quot;</td></tr><tr><th colspan="2">Exception</th></tr><tr><td colspan="2"><div class="stacktrace">java.lang.AssertionError: The following asserts failed:
	response http code is not 400 expected [400] but found [200],
	Error Message is wrong. expected [Invalid natid] but found [null]
	at stepdefs.Testcases.checkHeroCreationHttpResponseWithErrorNatidMessage(Testcases.java:119)
	at ✽.Check hero creation http response with error natid message(file:///Users/nico/Desktop/github/oppenheimer-api-test/src/test/resources/features/testcase03.feature:11)
... Removed 2 stack frames</div></td></tr></table><p class="totop"><a href="#summary">back to summary</a></p>
<h3 id="m12">TestRunner#runScenario</h3><table class="result"><tr class="param"><th>Parameter #1</th><th>Parameter #2</th></tr><tr class="param stripe"><td>&quot;Verify the blank taxPaid will be rejected by the hero creation api&quot;</td><td>&quot;Optional[Verify the blank taxPaid will be rejected by the hero creation api]&quot;</td></tr><tr><th colspan="2">Exception</th></tr><tr><td colspan="2"><div class="stacktrace">java.lang.AssertionError: The following asserts failed:
	response http code is not 400 expected [400] but found [200],
	Error Message is wrong. expected [TaxPaid cannot be blank] but found [null]
	at stepdefs.Testcases.checkHeroCreationHttpResponseWithBlankTaxPaidErrorMessage(Testcases.java:404)
	at ✽.Check hero creation http response with blank taxPaid error message(file:///Users/nico/Desktop/github/oppenheimer-api-test/src/test/resources/features/testcase20.feature:6)
... Removed 2 stack frames</div></td></tr></table><p class="totop"><a href="#summary">back to summary</a></p>
<h3 id="m13">TestRunner#runScenario</h3><table class="result"><tr class="param"><th>Parameter #1</th><th>Parameter #2</th></tr><tr class="param stripe"><td>&quot;Verify the wrong format taxPaid will be rejected by the hero creation api&quot;</td><td>&quot;Optional[Verify the wrong format taxPaid will be rejected by the hero creation api]&quot;</td></tr><tr><th colspan="2">Exception</th></tr><tr><td colspan="2"><div class="stacktrace">java.lang.NullPointerException
	at stepdefs.Testcases.checkHeroCreationHttpResponseWithInvalidFormatTaxPaidErrorMessage(Testcases.java:384)
	at ✽.Check hero creation http response with invalid format taxPaid error message(file:///Users/nico/Desktop/github/oppenheimer-api-test/src/test/resources/features/testcase19.feature:6)
</div></td></tr></table><p class="totop"><a href="#summary">back to summary</a></p>
<h3 id="m14">TestRunner#runScenario</h3><table class="result"><tr class="param"><th>Parameter #1</th><th>Parameter #2</th></tr><tr class="param stripe"><td>&quot;Verify the birthdate with time can be stored in the database and the hero can be created successfully&quot;</td><td>&quot;Optional[Verify the birthdate with time can be stored in the database and the hero can be created successfully]&quot;</td></tr><tr><th colspan="2">Exception</th></tr><tr><td colspan="2"><div class="stacktrace">java.lang.AssertionError: The following asserts failed:
	response http code is not 200 expected [200] but found [400]
	at stepdefs.Testcases.checkTheCorrectHeroDataHttpResponse(Testcases.java:49)
	at ✽.Check the correct hero data http response(file:///Users/nico/Desktop/github/oppenheimer-api-test/src/test/resources/features/testcase09.feature:6)
... Removed 2 stack frames</div></td></tr></table><p class="totop"><a href="#summary">back to summary</a></p>
<h3 id="m15">TestRunner#runScenario</h3><table class="result"><tr class="param"><th>Parameter #1</th><th>Parameter #2</th></tr><tr class="param stripe"><td>&quot;Verify the taxPaid with long decimal digits will be rejected by the hero creation api&quot;</td><td>&quot;Optional[Verify the taxPaid with long decimal digits will be rejected by the hero creation api]&quot;</td></tr><tr><th colspan="2">Exception</th></tr><tr><td colspan="2"><div class="stacktrace">java.lang.AssertionError: The following asserts failed:
	response http code is not 400 expected [400] but found [200],
	Error Message is wrong. expected [Invalid taxPaid precision] but found [null]
	at stepdefs.Testcases.checkHeroCreationHttpResponseWithInvalidTaxPaidErrorMessage(Testcases.java:440)
	at ✽.Check hero creation http response with invalid taxPaid error message(file:///Users/nico/Desktop/github/oppenheimer-api-test/src/test/resources/features/testcase22.feature:6)
... Removed 2 stack frames</div></td></tr></table><p class="totop"><a href="#summary">back to summary</a></p>
<h3 id="m16">TestRunner#runScenario</h3><table class="result"><tr class="param"><th>Parameter #1</th><th>Parameter #2</th></tr><tr class="param stripe"><td>&quot;Verify the birthdate with wrong format will be rejected by the hero creation api&quot;</td><td>&quot;Optional[Verify the birthdate with wrong format will be rejected by the hero creation api]&quot;</td></tr></table><p class="totop"><a href="#summary">back to summary</a></p>
<h3 id="m17">TestRunner#runScenario</h3><table class="result"><tr class="param"><th>Parameter #1</th><th>Parameter #2</th></tr><tr class="param stripe"><td>&quot;Verify the deathDate with wrong format will be rejected by the hero creation api&quot;</td><td>&quot;Optional[Verify the deathDate with wrong format will be rejected by the hero creation api]&quot;</td></tr></table><p class="totop"><a href="#summary">back to summary</a></p>
<h3 id="m18">TestRunner#runScenario</h3><table class="result"><tr class="param"><th>Parameter #1</th><th>Parameter #2</th></tr><tr class="param stripe"><td>&quot;Verify the gender input not in &quot;MALE&quot; or &quot;FEMALE&quot;&quot;</td><td>&quot;Optional[Verify the gender input not in &quot;MALE&quot; or &quot;FEMALE&quot;]&quot;</td></tr></table><p class="totop"><a href="#summary">back to summary</a></p>
<h3 id="m19">TestRunner#runScenario</h3><table class="result"><tr class="param"><th>Parameter #1</th><th>Parameter #2</th></tr><tr class="param stripe"><td>&quot;Verify the blank gender input will be rejected by the hero creation api&quot;</td><td>&quot;Optional[Verify the gender input not in &quot;MALE&quot; or &quot;FEMALE&quot;]&quot;</td></tr></table><p class="totop"><a href="#summary">back to summary</a></p>
<h3 id="m20">TestRunner#runScenario</h3><table class="result"><tr class="param"><th>Parameter #1</th><th>Parameter #2</th></tr><tr class="param stripe"><td>&quot;Verify the blank salary will be rejected by the hero creation api&quot;</td><td>&quot;Optional[Verify the blank salary will be rejected by the hero creation api]&quot;</td></tr></table><p class="totop"><a href="#summary">back to summary</a></p>
<h3 id="m21">TestRunner#runScenario</h3><table class="result"><tr class="param"><th>Parameter #1</th><th>Parameter #2</th></tr><tr class="param stripe"><td>&quot;natid&apos;s number is less than 0&quot;</td><td>&quot;Optional[Verify the natid out of valid range will get creation error and won&apos;t create a new single workingclass hero]&quot;</td></tr></table><p class="totop"><a href="#summary">back to summary</a></p>
<h3 id="m22">TestRunner#runScenario</h3><table class="result"><tr class="param"><th>Parameter #1</th><th>Parameter #2</th></tr><tr class="param stripe"><td>&quot;Verify the gender input not in &quot;MALE&quot; or &quot;FEMALE&quot;&quot;</td><td>&quot;Optional[Verify the gender input not in &quot;MALE&quot; or &quot;FEMALE&quot;]&quot;</td></tr></table><p class="totop"><a href="#summary">back to summary</a></p>
<h3 id="m23">TestRunner#runScenario</h3><table class="result"><tr class="param"><th>Parameter #1</th><th>Parameter #2</th></tr><tr class="param stripe"><td>&quot;Verify the blank salary will be rejected by the hero creation api&quot;</td><td>&quot;Optional[Verify the blank salary will be rejected by the hero creation api]&quot;</td></tr></table><p class="totop"><a href="#summary">back to summary</a></p>
<h3 id="m24">TestRunner#runScenario</h3><table class="result"><tr class="param"><th>Parameter #1</th><th>Parameter #2</th></tr><tr class="param stripe"><td>&quot;Verify the deathDate with wrong format will be rejected by the hero creation api&quot;</td><td>&quot;Optional[Verify the deathDate with wrong format will be rejected by the hero creation api]&quot;</td></tr></table><p class="totop"><a href="#summary">back to summary</a></p>
<h3 id="m25">TestRunner#runScenario</h3><table class="result"><tr class="param"><th>Parameter #1</th><th>Parameter #2</th></tr><tr class="param stripe"><td>&quot;Verify the salary is a negative number will be rejected by the hero creation api&quot;</td><td>&quot;Optional[Verify the salary is a negative number will be rejected by the hero creation api]&quot;</td></tr></table><p class="totop"><a href="#summary">back to summary</a></p>
<h3 id="m26">TestRunner#runScenario</h3><table class="result"><tr class="param"><th>Parameter #1</th><th>Parameter #2</th></tr><tr class="param stripe"><td>&quot;Verify the taxPaid is a negative number will be rejected by the hero creation api&quot;</td><td>&quot;Optional[Verify the taxPaid is a negative number will be rejected by the hero creation api]&quot;</td></tr></table><p class="totop"><a href="#summary">back to summary</a></p>
<h3 id="m27">TestRunner#runScenario</h3><table class="result"><tr class="param"><th>Parameter #1</th><th>Parameter #2</th></tr><tr class="param stripe"><td>&quot;Verify the birthdate with wrong format will be rejected by the hero creation api&quot;</td><td>&quot;Optional[Verify the birthdate with wrong format will be rejected by the hero creation api]&quot;</td></tr></table><p class="totop"><a href="#summary">back to summary</a></p>
<h3 id="m28">TestRunner#runScenario</h3><table class="result"><tr class="param"><th>Parameter #1</th><th>Parameter #2</th></tr><tr class="param stripe"><td>&quot;Verify blank browniePoints will be accepted by the hero creation api&quot;</td><td>&quot;Optional[Verify blank browniePoints will be accepted by the hero creation api]&quot;</td></tr></table><p class="totop"><a href="#summary">back to summary</a></p>
<h3 id="m29">TestRunner#runScenario</h3><table class="result"><tr class="param"><th>Parameter #1</th><th>Parameter #2</th></tr><tr class="param stripe"><td>&quot;Verify the birthdate with wrong format will be rejected by the hero creation api&quot;</td><td>&quot;Optional[Verify the birthdate with wrong format will be rejected by the hero creation api]&quot;</td></tr></table><p class="totop"><a href="#summary">back to summary</a></p>
<h3 id="m30">TestRunner#runScenario</h3><table class="result"><tr class="param"><th>Parameter #1</th><th>Parameter #2</th></tr><tr class="param stripe"><td>&quot;Send correct request can create a single workingclass&quot;</td><td>&quot;Optional[Verify sending correct request can create a single workingclass hero successfully(nullable fields with values)]&quot;</td></tr></table><p class="totop"><a href="#summary">back to summary</a></p>
<h3 id="m31">TestRunner#runScenario</h3><table class="result"><tr class="param"><th>Parameter #1</th><th>Parameter #2</th></tr><tr class="param stripe"><td>&quot;Verify the name with numbers will be rejected by the hero creation api&quot;</td><td>&quot;Optional[Verify the name with numbers will be rejected by the hero creation api]&quot;</td></tr></table><p class="totop"><a href="#summary">back to summary</a></p>
<h3 id="m32">TestRunner#runScenario</h3><table class="result"><tr class="param"><th>Parameter #1</th><th>Parameter #2</th></tr><tr class="param stripe"><td>&quot;Verify the deathDate with wrong format will be rejected by the hero creation api&quot;</td><td>&quot;Optional[Verify the deathDate with wrong format will be rejected by the hero creation api]&quot;</td></tr></table><p class="totop"><a href="#summary">back to summary</a></p>
<h3 id="m33">TestRunner#runScenario</h3><table class="result"><tr class="param"><th>Parameter #1</th><th>Parameter #2</th></tr><tr class="param stripe"><td>&quot;Verify repeated natid won&apos;t create a new hero&quot;</td><td>&quot;Optional[Verify repeated natid won&apos;t create a new hero]&quot;</td></tr></table><p class="totop"><a href="#summary">back to summary</a></p>
<h3 id="m34">TestRunner#runScenario</h3><table class="result"><tr class="param"><th>Parameter #1</th><th>Parameter #2</th></tr><tr class="param stripe"><td>&quot;Send correct request can create a single workingclass&quot;</td><td>&quot;Optional[Verify sending correct request can create a single workingclass hero successfully(nullable fields with values)]&quot;</td></tr></table><p class="totop"><a href="#summary">back to summary</a></p>
<h3 id="m35">TestRunner#runScenario</h3><table class="result"><tr class="param"><th>Parameter #1</th><th>Parameter #2</th></tr><tr class="param stripe"><td>&quot;Verify blank browniePoints will be accepted by the hero creation api&quot;</td><td>&quot;Optional[Verify blank browniePoints will be accepted by the hero creation api]&quot;</td></tr></table><p class="totop"><a href="#summary">back to summary</a></p>
</body>
</html>
